[springclouddemo-9090] 2018-12-06 11:36:09.642 INFO 8480 [restartedMain] top.actualself.springboot.demo_interceptor.DemoInterceptorApplication Starting DemoInterceptorApplication on shaofuping with PID 8480 (G:\MavenProject\springboot\springboot_demos\demo_interceptor\target\classes started by Administrator in G:\MavenProject\springboot\springboot_demos)
[springclouddemo-9090] 2018-12-06 11:36:09.643 INFO 8480 [restartedMain] top.actualself.springboot.demo_interceptor.DemoInterceptorApplication No active profile set, falling back to default profiles: default
[springclouddemo-9090] 2018-12-06 11:36:09.851 INFO 8480 [restartedMain] org.springframework.boot.context.embedded.AnnotationConfigEmbeddedWebApplicationContext Refreshing org.springframework.boot.context.embedded.AnnotationConfigEmbeddedWebApplicationContext@468035d8: startup date [Thu Dec 06 11:36:09 CST 2018]; root of context hierarchy
[springclouddemo-9090] 2018-12-06 11:36:10.492 INFO 8480 [background-preinit] org.hibernate.validator.internal.util.Version HV000001: Hibernate Validator 5.3.6.Final
[springclouddemo-9090] 2018-12-06 11:36:12.742 WARN 8480 [restartedMain] org.mybatis.spring.mapper.ClassPathMapperScanner No MyBatis mapper was found in '[top.actualself.springboot.demo_interceptor]' package. Please check your configuration.
[springclouddemo-9090] 2018-12-06 11:36:13.856 INFO 8480 [restartedMain] org.springframework.context.support.PostProcessorRegistrationDelegate$BeanPostProcessorChecker Bean 'org.springframework.transaction.annotation.ProxyTransactionManagementConfiguration' of type [org.springframework.transaction.annotation.ProxyTransactionManagementConfiguration$$EnhancerBySpringCGLIB$$63927ba6] is not eligible for getting processed by all BeanPostProcessors (for example: not eligible for auto-proxying)
[springclouddemo-9090] 2018-12-06 11:36:15.123 INFO 8480 [restartedMain] org.springframework.boot.context.embedded.tomcat.TomcatEmbeddedServletContainer Tomcat initialized with port(s): 9090 (http)
[springclouddemo-9090] 2018-12-06 11:36:15.145 INFO 8480 [restartedMain] org.apache.coyote.http11.Http11NioProtocol Initializing ProtocolHandler ["http-nio-9090"]
[springclouddemo-9090] 2018-12-06 11:36:15.175 INFO 8480 [restartedMain] org.apache.catalina.core.StandardService Starting service [Tomcat]
[springclouddemo-9090] 2018-12-06 11:36:15.176 INFO 8480 [restartedMain] org.apache.catalina.core.StandardEngine Starting Servlet Engine: Apache Tomcat/8.5.35
[springclouddemo-9090] 2018-12-06 11:36:15.394 INFO 8480 [localhost-startStop-1] org.apache.catalina.core.ContainerBase.[Tomcat].[localhost].[/] Initializing Spring embedded WebApplicationContext
[springclouddemo-9090] 2018-12-06 11:36:15.395 INFO 8480 [localhost-startStop-1] org.springframework.web.context.ContextLoader Root WebApplicationContext: initialization completed in 5544 ms
[springclouddemo-9090] 2018-12-06 11:36:16.339 INFO 8480 [localhost-startStop-1] org.springframework.boot.web.servlet.ServletRegistrationBean Mapping servlet: 'dispatcherServlet' to [/]
[springclouddemo-9090] 2018-12-06 11:36:16.341 INFO 8480 [localhost-startStop-1] org.springframework.boot.web.servlet.ServletRegistrationBean Mapping servlet: 'statViewServlet' to [/druid/*]
[springclouddemo-9090] 2018-12-06 11:36:16.348 INFO 8480 [localhost-startStop-1] org.springframework.boot.web.servlet.FilterRegistrationBean Mapping filter: 'metricsFilter' to: [/*]
[springclouddemo-9090] 2018-12-06 11:36:16.349 INFO 8480 [localhost-startStop-1] org.springframework.boot.web.servlet.FilterRegistrationBean Mapping filter: 'characterEncodingFilter' to: [/*]
[springclouddemo-9090] 2018-12-06 11:36:16.349 INFO 8480 [localhost-startStop-1] org.springframework.boot.web.servlet.FilterRegistrationBean Mapping filter: 'hiddenHttpMethodFilter' to: [/*]
[springclouddemo-9090] 2018-12-06 11:36:16.349 INFO 8480 [localhost-startStop-1] org.springframework.boot.web.servlet.FilterRegistrationBean Mapping filter: 'httpPutFormContentFilter' to: [/*]
[springclouddemo-9090] 2018-12-06 11:36:16.350 INFO 8480 [localhost-startStop-1] org.springframework.boot.web.servlet.FilterRegistrationBean Mapping filter: 'requestContextFilter' to: [/*]
[springclouddemo-9090] 2018-12-06 11:36:16.350 INFO 8480 [localhost-startStop-1] org.springframework.boot.web.servlet.FilterRegistrationBean Mapping filter: 'webRequestLoggingFilter' to: [/*]
[springclouddemo-9090] 2018-12-06 11:36:16.350 INFO 8480 [localhost-startStop-1] org.springframework.boot.web.servlet.FilterRegistrationBean Mapping filter: 'webStatFilter' to urls: [/*]
[springclouddemo-9090] 2018-12-06 11:36:16.350 INFO 8480 [localhost-startStop-1] org.springframework.boot.web.servlet.FilterRegistrationBean Mapping filter: 'applicationContextIdFilter' to: [/*]
[springclouddemo-9090] 2018-12-06 11:36:16.703 WARN 8480 [restartedMain] org.springframework.boot.context.embedded.AnnotationConfigEmbeddedWebApplicationContext Exception encountered during context initialization - cancelling refresh attempt: org.springframework.beans.factory.UnsatisfiedDependencyException: Error creating bean with name 'userController': Unsatisfied dependency expressed through field 'userService'; nested exception is org.springframework.beans.factory.BeanCreationException: Error creating bean with name 'userServiceImpl': Injection of resource dependencies failed; nested exception is org.springframework.beans.factory.NoSuchBeanDefinitionException: No qualifying bean of type 'top.actualself.springboot.demo_interceptor.dao.UserMapper' available: expected at least 1 bean which qualifies as autowire candidate. Dependency annotations: {@javax.annotation.Resource(shareable=true, lookup=, name=, description=, authenticationType=CONTAINER, type=class java.lang.Object, mappedName=)}
[springclouddemo-9090] 2018-12-06 11:36:16.707 INFO 8480 [restartedMain] org.apache.catalina.core.StandardService Stopping service [Tomcat]
[springclouddemo-9090] 2018-12-06 11:36:16.755 WARN 8480 [localhost-startStop-1] org.apache.catalina.loader.WebappClassLoaderBase The web application [ROOT] appears to have started a thread named [Abandoned connection cleanup thread] but has failed to stop it. This is very likely to create a memory leak. Stack trace of thread:
 java.lang.Object.wait(Native Method)
 java.lang.ref.ReferenceQueue.remove(ReferenceQueue.java:143)
 com.mysql.jdbc.AbandonedConnectionCleanupThread.run(AbandonedConnectionCleanupThread.java:43)
[springclouddemo-9090] 2018-12-06 11:36:16.785 INFO 8480 [restartedMain] org.springframework.boot.autoconfigure.logging.AutoConfigurationReportLoggingInitializer 

Error starting ApplicationContext. To display the auto-configuration report re-run your application with 'debug' enabled.
[springclouddemo-9090] 2018-12-06 11:36:17.103 ERROR 8480 [restartedMain] org.springframework.boot.diagnostics.LoggingFailureAnalysisReporter 

***************************
APPLICATION FAILED TO START
***************************

Description:

Field userService in top.actualself.springboot.demo_interceptor.controller.UserController required a bean of type 'top.actualself.springboot.demo_interceptor.dao.UserMapper' that could not be found.


Action:

Consider defining a bean of type 'top.actualself.springboot.demo_interceptor.dao.UserMapper' in your configuration.

